{"C:\\Users\\astra\\Documents\\SCC-GIT\\CIS259\\BidPro\\api\\example\\classesGet\\index.js": {"path":"C:\\Users\\astra\\Documents\\SCC-GIT\\CIS259\\BidPro\\api\\example\\classesGet\\index.js","statementMap":{"0":{"start":{"line":1,"column":23},"end":{"line":1,"column":65}},"1":{"start":{"line":3,"column":0},"end":{"line":17,"column":2}},"2":{"start":{"line":13,"column":20},"end":{"line":13,"column":45}},"3":{"start":{"line":15,"column":4},"end":{"line":15,"column":41}}},"fnMap":{"0":{"name":"(anonymous_0)","decl":{"start":{"line":12,"column":2},"end":{"line":12,"column":3}},"loc":{"start":{"line":12,"column":38},"end":{"line":16,"column":3}},"line":12}},"branchMap":{},"s":{"0":1,"1":1,"2":1,"3":1},"f":{"0":1},"b":{},"_coverageSchema":"1a1c01bbd47fc00a2c39e90264f33305004495a9","hash":"4398661fb0c42655358c84f7453c0cacd86b87a4"}
,"C:\\Users\\astra\\Documents\\SCC-GIT\\CIS259\\BidPro\\api\\example\\notesGet\\index.js": {"path":"C:\\Users\\astra\\Documents\\SCC-GIT\\CIS259\\BidPro\\api\\example\\notesGet\\index.js","statementMap":{"0":{"start":{"line":1,"column":23},"end":{"line":1,"column":65}},"1":{"start":{"line":3,"column":0},"end":{"line":29,"column":2}},"2":{"start":{"line":13,"column":4},"end":{"line":15,"column":5}},"3":{"start":{"line":14,"column":6},"end":{"line":14,"column":36}},"4":{"start":{"line":17,"column":4},"end":{"line":19,"column":5}},"5":{"start":{"line":18,"column":6},"end":{"line":18,"column":36}},"6":{"start":{"line":20,"column":15},"end":{"line":20,"column":82}},"7":{"start":{"line":21,"column":4},"end":{"line":23,"column":5}},"8":{"start":{"line":22,"column":6},"end":{"line":22,"column":36}},"9":{"start":{"line":25,"column":18},"end":{"line":25,"column":85}},"10":{"start":{"line":27,"column":4},"end":{"line":27,"column":39}}},"fnMap":{"0":{"name":"(anonymous_0)","decl":{"start":{"line":12,"column":2},"end":{"line":12,"column":3}},"loc":{"start":{"line":12,"column":38},"end":{"line":28,"column":3}},"line":12}},"branchMap":{"0":{"loc":{"start":{"line":13,"column":4},"end":{"line":15,"column":5}},"type":"if","locations":[{"start":{"line":13,"column":4},"end":{"line":15,"column":5}},{"start":{"line":13,"column":4},"end":{"line":15,"column":5}}],"line":13},"1":{"loc":{"start":{"line":17,"column":4},"end":{"line":19,"column":5}},"type":"if","locations":[{"start":{"line":17,"column":4},"end":{"line":19,"column":5}},{"start":{"line":17,"column":4},"end":{"line":19,"column":5}}],"line":17},"2":{"loc":{"start":{"line":21,"column":4},"end":{"line":23,"column":5}},"type":"if","locations":[{"start":{"line":21,"column":4},"end":{"line":23,"column":5}},{"start":{"line":21,"column":4},"end":{"line":23,"column":5}}],"line":21}},"s":{"0":1,"1":1,"2":4,"3":1,"4":3,"5":1,"6":2,"7":2,"8":1,"9":1,"10":1},"f":{"0":4},"b":{"0":[1,3],"1":[1,2],"2":[1,1]},"_coverageSchema":"1a1c01bbd47fc00a2c39e90264f33305004495a9","hash":"acb9643c1ea90ff480302c58d36a0d3bf7804785"}
,"C:\\Users\\astra\\Documents\\SCC-GIT\\CIS259\\BidPro\\api\\example\\userAddPost\\index.js": {"path":"C:\\Users\\astra\\Documents\\SCC-GIT\\CIS259\\BidPro\\api\\example\\userAddPost\\index.js","statementMap":{"0":{"start":{"line":1,"column":23},"end":{"line":1,"column":65}},"1":{"start":{"line":3,"column":0},"end":{"line":21,"column":2}},"2":{"start":{"line":13,"column":4},"end":{"line":15,"column":5}},"3":{"start":{"line":14,"column":6},"end":{"line":14,"column":36}},"4":{"start":{"line":17,"column":17},"end":{"line":17,"column":57}},"5":{"start":{"line":19,"column":4},"end":{"line":19,"column":38}}},"fnMap":{"0":{"name":"(anonymous_0)","decl":{"start":{"line":12,"column":2},"end":{"line":12,"column":3}},"loc":{"start":{"line":12,"column":38},"end":{"line":20,"column":3}},"line":12}},"branchMap":{"0":{"loc":{"start":{"line":13,"column":4},"end":{"line":15,"column":5}},"type":"if","locations":[{"start":{"line":13,"column":4},"end":{"line":15,"column":5}},{"start":{"line":13,"column":4},"end":{"line":15,"column":5}}],"line":13},"1":{"loc":{"start":{"line":13,"column":7},"end":{"line":13,"column":34}},"type":"binary-expr","locations":[{"start":{"line":13,"column":7},"end":{"line":13,"column":16}},{"start":{"line":13,"column":20},"end":{"line":13,"column":34}}],"line":13}},"s":{"0":1,"1":1,"2":2,"3":1,"4":1,"5":1},"f":{"0":2},"b":{"0":[1,1],"1":[2,1]},"_coverageSchema":"1a1c01bbd47fc00a2c39e90264f33305004495a9","hash":"6fc04543c1014b43c10b5dc341a1609d354297a3"}
,"C:\\Users\\astra\\Documents\\SCC-GIT\\CIS259\\BidPro\\api\\example\\userDelete\\index.js": {"path":"C:\\Users\\astra\\Documents\\SCC-GIT\\CIS259\\BidPro\\api\\example\\userDelete\\index.js","statementMap":{"0":{"start":{"line":1,"column":23},"end":{"line":1,"column":65}},"1":{"start":{"line":3,"column":0},"end":{"line":25,"column":2}},"2":{"start":{"line":13,"column":3},"end":{"line":15,"column":4}},"3":{"start":{"line":14,"column":5},"end":{"line":14,"column":77}},"4":{"start":{"line":16,"column":3},"end":{"line":20,"column":4}},"5":{"start":{"line":17,"column":5},"end":{"line":19,"column":78}},"6":{"start":{"line":21,"column":3},"end":{"line":21,"column":64}},"7":{"start":{"line":23,"column":3},"end":{"line":23,"column":33}}},"fnMap":{"0":{"name":"(anonymous_0)","decl":{"start":{"line":12,"column":2},"end":{"line":12,"column":3}},"loc":{"start":{"line":12,"column":38},"end":{"line":24,"column":3}},"line":12}},"branchMap":{"0":{"loc":{"start":{"line":13,"column":3},"end":{"line":15,"column":4}},"type":"if","locations":[{"start":{"line":13,"column":3},"end":{"line":15,"column":4}},{"start":{"line":13,"column":3},"end":{"line":15,"column":4}}],"line":13},"1":{"loc":{"start":{"line":16,"column":3},"end":{"line":20,"column":4}},"type":"if","locations":[{"start":{"line":16,"column":3},"end":{"line":20,"column":4}},{"start":{"line":16,"column":3},"end":{"line":20,"column":4}}],"line":16}},"s":{"0":1,"1":1,"2":3,"3":1,"4":2,"5":1,"6":1,"7":1},"f":{"0":3},"b":{"0":[1,2],"1":[1,1]},"_coverageSchema":"1a1c01bbd47fc00a2c39e90264f33305004495a9","hash":"ce801bf7a0ba0f2f769e31d9f71ab3ba9d6ea6b0"}
,"C:\\Users\\astra\\Documents\\SCC-GIT\\CIS259\\BidPro\\api\\example\\userPut\\index.js": {"path":"C:\\Users\\astra\\Documents\\SCC-GIT\\CIS259\\BidPro\\api\\example\\userPut\\index.js","statementMap":{"0":{"start":{"line":1,"column":23},"end":{"line":1,"column":65}},"1":{"start":{"line":3,"column":0},"end":{"line":31,"column":2}},"2":{"start":{"line":13,"column":4},"end":{"line":15,"column":5}},"3":{"start":{"line":14,"column":6},"end":{"line":14,"column":78}},"4":{"start":{"line":16,"column":4},"end":{"line":20,"column":5}},"5":{"start":{"line":17,"column":6},"end":{"line":19,"column":69}},"6":{"start":{"line":21,"column":4},"end":{"line":25,"column":5}},"7":{"start":{"line":22,"column":6},"end":{"line":24,"column":67}},"8":{"start":{"line":27,"column":17},"end":{"line":27,"column":107}},"9":{"start":{"line":29,"column":4},"end":{"line":29,"column":34}}},"fnMap":{"0":{"name":"(anonymous_0)","decl":{"start":{"line":12,"column":2},"end":{"line":12,"column":3}},"loc":{"start":{"line":12,"column":38},"end":{"line":30,"column":3}},"line":12}},"branchMap":{"0":{"loc":{"start":{"line":13,"column":4},"end":{"line":15,"column":5}},"type":"if","locations":[{"start":{"line":13,"column":4},"end":{"line":15,"column":5}},{"start":{"line":13,"column":4},"end":{"line":15,"column":5}}],"line":13},"1":{"loc":{"start":{"line":16,"column":4},"end":{"line":20,"column":5}},"type":"if","locations":[{"start":{"line":16,"column":4},"end":{"line":20,"column":5}},{"start":{"line":16,"column":4},"end":{"line":20,"column":5}}],"line":16},"2":{"loc":{"start":{"line":21,"column":4},"end":{"line":25,"column":5}},"type":"if","locations":[{"start":{"line":21,"column":4},"end":{"line":25,"column":5}},{"start":{"line":21,"column":4},"end":{"line":25,"column":5}}],"line":21}},"s":{"0":1,"1":1,"2":4,"3":1,"4":3,"5":1,"6":2,"7":1,"8":1,"9":1},"f":{"0":4},"b":{"0":[1,3],"1":[1,2],"2":[1,1]},"_coverageSchema":"1a1c01bbd47fc00a2c39e90264f33305004495a9","hash":"b5536fdebf0177e1ab883e522aaa89797e84ad95"}
,"C:\\Users\\astra\\Documents\\SCC-GIT\\CIS259\\BidPro\\api\\example\\usersGet\\index.js": {"path":"C:\\Users\\astra\\Documents\\SCC-GIT\\CIS259\\BidPro\\api\\example\\usersGet\\index.js","statementMap":{"0":{"start":{"line":1,"column":23},"end":{"line":1,"column":65}},"1":{"start":{"line":3,"column":0},"end":{"line":17,"column":2}},"2":{"start":{"line":13,"column":18},"end":{"line":13,"column":41}},"3":{"start":{"line":15,"column":4},"end":{"line":15,"column":39}}},"fnMap":{"0":{"name":"(anonymous_0)","decl":{"start":{"line":12,"column":2},"end":{"line":12,"column":3}},"loc":{"start":{"line":12,"column":38},"end":{"line":16,"column":3}},"line":12}},"branchMap":{},"s":{"0":1,"1":1,"2":1,"3":1},"f":{"0":1},"b":{},"_coverageSchema":"1a1c01bbd47fc00a2c39e90264f33305004495a9","hash":"3ff9a1efdbd0f974477aeb8303ef18c1df527def"}
,"C:\\Users\\astra\\Documents\\SCC-GIT\\CIS259\\BidPro\\api\\pilot\\pilotsDelete\\index.js": {"path":"C:\\Users\\astra\\Documents\\SCC-GIT\\CIS259\\BidPro\\api\\pilot\\pilotsDelete\\index.js","statementMap":{"0":{"start":{"line":1,"column":23},"end":{"line":1,"column":65}},"1":{"start":{"line":2,"column":20},"end":{"line":2,"column":30}},"2":{"start":{"line":3,"column":0},"end":{"line":27,"column":2}},"3":{"start":{"line":14,"column":4},"end":{"line":16,"column":5}},"4":{"start":{"line":15,"column":6},"end":{"line":15,"column":75}},"5":{"start":{"line":18,"column":18},"end":{"line":20,"column":12}},"6":{"start":{"line":21,"column":4},"end":{"line":23,"column":5}},"7":{"start":{"line":22,"column":6},"end":{"line":22,"column":36}},"8":{"start":{"line":25,"column":4},"end":{"line":25,"column":34}}},"fnMap":{"0":{"name":"(anonymous_0)","decl":{"start":{"line":12,"column":2},"end":{"line":12,"column":3}},"loc":{"start":{"line":12,"column":38},"end":{"line":26,"column":3}},"line":12}},"branchMap":{"0":{"loc":{"start":{"line":14,"column":4},"end":{"line":16,"column":5}},"type":"if","locations":[{"start":{"line":14,"column":4},"end":{"line":16,"column":5}},{"start":{"line":14,"column":4},"end":{"line":16,"column":5}}],"line":14},"1":{"loc":{"start":{"line":21,"column":4},"end":{"line":23,"column":5}},"type":"if","locations":[{"start":{"line":21,"column":4},"end":{"line":23,"column":5}},{"start":{"line":21,"column":4},"end":{"line":23,"column":5}}],"line":21}},"s":{"0":1,"1":1,"2":1,"3":3,"4":1,"5":2,"6":2,"7":1,"8":1},"f":{"0":3},"b":{"0":[1,2],"1":[1,1]},"_coverageSchema":"1a1c01bbd47fc00a2c39e90264f33305004495a9","hash":"4031c1a0bc4c95682756e40aee22f1aa220ba289"}
,"C:\\Users\\astra\\Documents\\SCC-GIT\\CIS259\\BidPro\\api\\pilot\\pilotsGet\\index.js": {"path":"C:\\Users\\astra\\Documents\\SCC-GIT\\CIS259\\BidPro\\api\\pilot\\pilotsGet\\index.js","statementMap":{"0":{"start":{"line":1,"column":23},"end":{"line":1,"column":65}},"1":{"start":{"line":3,"column":0},"end":{"line":17,"column":2}},"2":{"start":{"line":13,"column":19},"end":{"line":13,"column":43}},"3":{"start":{"line":15,"column":4},"end":{"line":15,"column":40}}},"fnMap":{"0":{"name":"(anonymous_0)","decl":{"start":{"line":12,"column":2},"end":{"line":12,"column":3}},"loc":{"start":{"line":12,"column":38},"end":{"line":16,"column":3}},"line":12}},"branchMap":{},"s":{"0":1,"1":1,"2":1,"3":1},"f":{"0":1},"b":{},"_coverageSchema":"1a1c01bbd47fc00a2c39e90264f33305004495a9","hash":"f1197fa9f86668325d2a51ee1b45bca47c79e016"}
,"C:\\Users\\astra\\Documents\\SCC-GIT\\CIS259\\BidPro\\api\\pilot\\pilotsPost\\index.js": {"path":"C:\\Users\\astra\\Documents\\SCC-GIT\\CIS259\\BidPro\\api\\pilot\\pilotsPost\\index.js","statementMap":{"0":{"start":{"line":1,"column":23},"end":{"line":1,"column":65}},"1":{"start":{"line":2,"column":20},"end":{"line":2,"column":30}},"2":{"start":{"line":3,"column":16},"end":{"line":3,"column":26}},"3":{"start":{"line":4,"column":0},"end":{"line":187,"column":2}},"4":{"start":{"line":14,"column":4},"end":{"line":16,"column":5}},"5":{"start":{"line":15,"column":6},"end":{"line":15,"column":72}},"6":{"start":{"line":17,"column":4},"end":{"line":21,"column":5}},"7":{"start":{"line":18,"column":6},"end":{"line":20,"column":72}},"8":{"start":{"line":22,"column":4},"end":{"line":26,"column":5}},"9":{"start":{"line":23,"column":6},"end":{"line":25,"column":72}},"10":{"start":{"line":27,"column":4},"end":{"line":31,"column":5}},"11":{"start":{"line":28,"column":6},"end":{"line":30,"column":74}},"12":{"start":{"line":32,"column":4},"end":{"line":36,"column":5}},"13":{"start":{"line":33,"column":6},"end":{"line":35,"column":74}},"14":{"start":{"line":37,"column":4},"end":{"line":41,"column":5}},"15":{"start":{"line":38,"column":6},"end":{"line":40,"column":73}},"16":{"start":{"line":42,"column":4},"end":{"line":46,"column":5}},"17":{"start":{"line":43,"column":6},"end":{"line":45,"column":73}},"18":{"start":{"line":47,"column":4},"end":{"line":51,"column":5}},"19":{"start":{"line":48,"column":6},"end":{"line":50,"column":70}},"20":{"start":{"line":52,"column":4},"end":{"line":56,"column":5}},"21":{"start":{"line":53,"column":6},"end":{"line":55,"column":70}},"22":{"start":{"line":57,"column":4},"end":{"line":61,"column":5}},"23":{"start":{"line":58,"column":6},"end":{"line":60,"column":69}},"24":{"start":{"line":62,"column":4},"end":{"line":66,"column":5}},"25":{"start":{"line":63,"column":6},"end":{"line":65,"column":69}},"26":{"start":{"line":67,"column":4},"end":{"line":71,"column":5}},"27":{"start":{"line":68,"column":6},"end":{"line":70,"column":73}},"28":{"start":{"line":72,"column":4},"end":{"line":76,"column":5}},"29":{"start":{"line":73,"column":6},"end":{"line":75,"column":73}},"30":{"start":{"line":77,"column":4},"end":{"line":81,"column":5}},"31":{"start":{"line":78,"column":6},"end":{"line":80,"column":9}},"32":{"start":{"line":82,"column":4},"end":{"line":86,"column":5}},"33":{"start":{"line":83,"column":6},"end":{"line":85,"column":72}},"34":{"start":{"line":87,"column":4},"end":{"line":91,"column":5}},"35":{"start":{"line":88,"column":6},"end":{"line":90,"column":72}},"36":{"start":{"line":92,"column":4},"end":{"line":96,"column":5}},"37":{"start":{"line":93,"column":6},"end":{"line":95,"column":9}},"38":{"start":{"line":97,"column":4},"end":{"line":101,"column":5}},"39":{"start":{"line":98,"column":6},"end":{"line":100,"column":73}},"40":{"start":{"line":102,"column":4},"end":{"line":106,"column":5}},"41":{"start":{"line":103,"column":6},"end":{"line":105,"column":73}},"42":{"start":{"line":107,"column":4},"end":{"line":111,"column":5}},"43":{"start":{"line":108,"column":6},"end":{"line":110,"column":69}},"44":{"start":{"line":112,"column":4},"end":{"line":116,"column":5}},"45":{"start":{"line":113,"column":6},"end":{"line":115,"column":9}},"46":{"start":{"line":117,"column":4},"end":{"line":121,"column":5}},"47":{"start":{"line":118,"column":6},"end":{"line":120,"column":9}},"48":{"start":{"line":122,"column":4},"end":{"line":126,"column":5}},"49":{"start":{"line":123,"column":6},"end":{"line":125,"column":70}},"50":{"start":{"line":127,"column":4},"end":{"line":131,"column":5}},"51":{"start":{"line":128,"column":6},"end":{"line":130,"column":75}},"52":{"start":{"line":132,"column":4},"end":{"line":136,"column":5}},"53":{"start":{"line":133,"column":6},"end":{"line":135,"column":9}},"54":{"start":{"line":137,"column":4},"end":{"line":144,"column":5}},"55":{"start":{"line":141,"column":6},"end":{"line":143,"column":9}},"56":{"start":{"line":145,"column":4},"end":{"line":152,"column":5}},"57":{"start":{"line":149,"column":6},"end":{"line":151,"column":9}},"58":{"start":{"line":153,"column":4},"end":{"line":160,"column":5}},"59":{"start":{"line":157,"column":6},"end":{"line":159,"column":9}},"60":{"start":{"line":162,"column":4},"end":{"line":180,"column":9}},"61":{"start":{"line":181,"column":13},"end":{"line":183,"column":60}},"62":{"start":{"line":185,"column":4},"end":{"line":185,"column":43}}},"fnMap":{"0":{"name":"(anonymous_0)","decl":{"start":{"line":13,"column":2},"end":{"line":13,"column":3}},"loc":{"start":{"line":13,"column":38},"end":{"line":186,"column":3}},"line":13}},"branchMap":{"0":{"loc":{"start":{"line":14,"column":4},"end":{"line":16,"column":5}},"type":"if","locations":[{"start":{"line":14,"column":4},"end":{"line":16,"column":5}},{"start":{"line":14,"column":4},"end":{"line":16,"column":5}}],"line":14},"1":{"loc":{"start":{"line":17,"column":4},"end":{"line":21,"column":5}},"type":"if","locations":[{"start":{"line":17,"column":4},"end":{"line":21,"column":5}},{"start":{"line":17,"column":4},"end":{"line":21,"column":5}}],"line":17},"2":{"loc":{"start":{"line":17,"column":8},"end":{"line":17,"column":52}},"type":"binary-expr","locations":[{"start":{"line":17,"column":8},"end":{"line":17,"column":25}},{"start":{"line":17,"column":29},"end":{"line":17,"column":52}}],"line":17},"3":{"loc":{"start":{"line":22,"column":4},"end":{"line":26,"column":5}},"type":"if","locations":[{"start":{"line":22,"column":4},"end":{"line":26,"column":5}},{"start":{"line":22,"column":4},"end":{"line":26,"column":5}}],"line":22},"4":{"loc":{"start":{"line":22,"column":8},"end":{"line":22,"column":73}},"type":"binary-expr","locations":[{"start":{"line":22,"column":8},"end":{"line":22,"column":37}},{"start":{"line":22,"column":41},"end":{"line":22,"column":73}}],"line":22},"5":{"loc":{"start":{"line":27,"column":4},"end":{"line":31,"column":5}},"type":"if","locations":[{"start":{"line":27,"column":4},"end":{"line":31,"column":5}},{"start":{"line":27,"column":4},"end":{"line":31,"column":5}}],"line":27},"6":{"loc":{"start":{"line":27,"column":8},"end":{"line":27,"column":56}},"type":"binary-expr","locations":[{"start":{"line":27,"column":8},"end":{"line":27,"column":27}},{"start":{"line":27,"column":31},"end":{"line":27,"column":56}}],"line":27},"7":{"loc":{"start":{"line":32,"column":4},"end":{"line":36,"column":5}},"type":"if","locations":[{"start":{"line":32,"column":4},"end":{"line":36,"column":5}},{"start":{"line":32,"column":4},"end":{"line":36,"column":5}}],"line":32},"8":{"loc":{"start":{"line":37,"column":4},"end":{"line":41,"column":5}},"type":"if","locations":[{"start":{"line":37,"column":4},"end":{"line":41,"column":5}},{"start":{"line":37,"column":4},"end":{"line":41,"column":5}}],"line":37},"9":{"loc":{"start":{"line":37,"column":8},"end":{"line":37,"column":54}},"type":"binary-expr","locations":[{"start":{"line":37,"column":8},"end":{"line":37,"column":26}},{"start":{"line":37,"column":30},"end":{"line":37,"column":54}}],"line":37},"10":{"loc":{"start":{"line":42,"column":4},"end":{"line":46,"column":5}},"type":"if","locations":[{"start":{"line":42,"column":4},"end":{"line":46,"column":5}},{"start":{"line":42,"column":4},"end":{"line":46,"column":5}}],"line":42},"11":{"loc":{"start":{"line":47,"column":4},"end":{"line":51,"column":5}},"type":"if","locations":[{"start":{"line":47,"column":4},"end":{"line":51,"column":5}},{"start":{"line":47,"column":4},"end":{"line":51,"column":5}}],"line":47},"12":{"loc":{"start":{"line":47,"column":8},"end":{"line":47,"column":48}},"type":"binary-expr","locations":[{"start":{"line":47,"column":8},"end":{"line":47,"column":23}},{"start":{"line":47,"column":27},"end":{"line":47,"column":48}}],"line":47},"13":{"loc":{"start":{"line":52,"column":4},"end":{"line":56,"column":5}},"type":"if","locations":[{"start":{"line":52,"column":4},"end":{"line":56,"column":5}},{"start":{"line":52,"column":4},"end":{"line":56,"column":5}}],"line":52},"14":{"loc":{"start":{"line":57,"column":4},"end":{"line":61,"column":5}},"type":"if","locations":[{"start":{"line":57,"column":4},"end":{"line":61,"column":5}},{"start":{"line":57,"column":4},"end":{"line":61,"column":5}}],"line":57},"15":{"loc":{"start":{"line":57,"column":8},"end":{"line":57,"column":46}},"type":"binary-expr","locations":[{"start":{"line":57,"column":8},"end":{"line":57,"column":22}},{"start":{"line":57,"column":26},"end":{"line":57,"column":46}}],"line":57},"16":{"loc":{"start":{"line":62,"column":4},"end":{"line":66,"column":5}},"type":"if","locations":[{"start":{"line":62,"column":4},"end":{"line":66,"column":5}},{"start":{"line":62,"column":4},"end":{"line":66,"column":5}}],"line":62},"17":{"loc":{"start":{"line":67,"column":4},"end":{"line":71,"column":5}},"type":"if","locations":[{"start":{"line":67,"column":4},"end":{"line":71,"column":5}},{"start":{"line":67,"column":4},"end":{"line":71,"column":5}}],"line":67},"18":{"loc":{"start":{"line":67,"column":8},"end":{"line":67,"column":54}},"type":"binary-expr","locations":[{"start":{"line":67,"column":8},"end":{"line":67,"column":26}},{"start":{"line":67,"column":30},"end":{"line":67,"column":54}}],"line":67},"19":{"loc":{"start":{"line":72,"column":4},"end":{"line":76,"column":5}},"type":"if","locations":[{"start":{"line":72,"column":4},"end":{"line":76,"column":5}},{"start":{"line":72,"column":4},"end":{"line":76,"column":5}}],"line":72},"20":{"loc":{"start":{"line":77,"column":4},"end":{"line":81,"column":5}},"type":"if","locations":[{"start":{"line":77,"column":4},"end":{"line":81,"column":5}},{"start":{"line":77,"column":4},"end":{"line":81,"column":5}}],"line":77},"21":{"loc":{"start":{"line":82,"column":4},"end":{"line":86,"column":5}},"type":"if","locations":[{"start":{"line":82,"column":4},"end":{"line":86,"column":5}},{"start":{"line":82,"column":4},"end":{"line":86,"column":5}}],"line":82},"22":{"loc":{"start":{"line":82,"column":8},"end":{"line":82,"column":52}},"type":"binary-expr","locations":[{"start":{"line":82,"column":8},"end":{"line":82,"column":25}},{"start":{"line":82,"column":29},"end":{"line":82,"column":52}}],"line":82},"23":{"loc":{"start":{"line":87,"column":4},"end":{"line":91,"column":5}},"type":"if","locations":[{"start":{"line":87,"column":4},"end":{"line":91,"column":5}},{"start":{"line":87,"column":4},"end":{"line":91,"column":5}}],"line":87},"24":{"loc":{"start":{"line":92,"column":4},"end":{"line":96,"column":5}},"type":"if","locations":[{"start":{"line":92,"column":4},"end":{"line":96,"column":5}},{"start":{"line":92,"column":4},"end":{"line":96,"column":5}}],"line":92},"25":{"loc":{"start":{"line":92,"column":8},"end":{"line":92,"column":54}},"type":"binary-expr","locations":[{"start":{"line":92,"column":8},"end":{"line":92,"column":26}},{"start":{"line":92,"column":30},"end":{"line":92,"column":54}}],"line":92},"26":{"loc":{"start":{"line":97,"column":4},"end":{"line":101,"column":5}},"type":"if","locations":[{"start":{"line":97,"column":4},"end":{"line":101,"column":5}},{"start":{"line":97,"column":4},"end":{"line":101,"column":5}}],"line":97},"27":{"loc":{"start":{"line":102,"column":4},"end":{"line":106,"column":5}},"type":"if","locations":[{"start":{"line":102,"column":4},"end":{"line":106,"column":5}},{"start":{"line":102,"column":4},"end":{"line":106,"column":5}}],"line":102},"28":{"loc":{"start":{"line":102,"column":8},"end":{"line":102,"column":59}},"type":"binary-expr","locations":[{"start":{"line":102,"column":8},"end":{"line":102,"column":25}},{"start":{"line":102,"column":29},"end":{"line":102,"column":59}}],"line":102},"29":{"loc":{"start":{"line":107,"column":4},"end":{"line":111,"column":5}},"type":"if","locations":[{"start":{"line":107,"column":4},"end":{"line":111,"column":5}},{"start":{"line":107,"column":4},"end":{"line":111,"column":5}}],"line":107},"30":{"loc":{"start":{"line":107,"column":8},"end":{"line":107,"column":46}},"type":"binary-expr","locations":[{"start":{"line":107,"column":8},"end":{"line":107,"column":22}},{"start":{"line":107,"column":26},"end":{"line":107,"column":46}}],"line":107},"31":{"loc":{"start":{"line":112,"column":4},"end":{"line":116,"column":5}},"type":"if","locations":[{"start":{"line":112,"column":4},"end":{"line":116,"column":5}},{"start":{"line":112,"column":4},"end":{"line":116,"column":5}}],"line":112},"32":{"loc":{"start":{"line":117,"column":4},"end":{"line":121,"column":5}},"type":"if","locations":[{"start":{"line":117,"column":4},"end":{"line":121,"column":5}},{"start":{"line":117,"column":4},"end":{"line":121,"column":5}}],"line":117},"33":{"loc":{"start":{"line":117,"column":8},"end":{"line":117,"column":48}},"type":"binary-expr","locations":[{"start":{"line":117,"column":8},"end":{"line":117,"column":23}},{"start":{"line":117,"column":27},"end":{"line":117,"column":48}}],"line":117},"34":{"loc":{"start":{"line":122,"column":4},"end":{"line":126,"column":5}},"type":"if","locations":[{"start":{"line":122,"column":4},"end":{"line":126,"column":5}},{"start":{"line":122,"column":4},"end":{"line":126,"column":5}}],"line":122},"35":{"loc":{"start":{"line":122,"column":8},"end":{"line":122,"column":69}},"type":"binary-expr","locations":[{"start":{"line":122,"column":8},"end":{"line":122,"column":35}},{"start":{"line":122,"column":39},"end":{"line":122,"column":69}}],"line":122},"36":{"loc":{"start":{"line":127,"column":4},"end":{"line":131,"column":5}},"type":"if","locations":[{"start":{"line":127,"column":4},"end":{"line":131,"column":5}},{"start":{"line":127,"column":4},"end":{"line":131,"column":5}}],"line":127},"37":{"loc":{"start":{"line":127,"column":8},"end":{"line":127,"column":58}},"type":"binary-expr","locations":[{"start":{"line":127,"column":8},"end":{"line":127,"column":28}},{"start":{"line":127,"column":32},"end":{"line":127,"column":58}}],"line":127},"38":{"loc":{"start":{"line":132,"column":4},"end":{"line":136,"column":5}},"type":"if","locations":[{"start":{"line":132,"column":4},"end":{"line":136,"column":5}},{"start":{"line":132,"column":4},"end":{"line":136,"column":5}}],"line":132},"39":{"loc":{"start":{"line":137,"column":4},"end":{"line":144,"column":5}},"type":"if","locations":[{"start":{"line":137,"column":4},"end":{"line":144,"column":5}},{"start":{"line":137,"column":4},"end":{"line":144,"column":5}}],"line":137},"40":{"loc":{"start":{"line":138,"column":6},"end":{"line":139,"column":79}},"type":"binary-expr","locations":[{"start":{"line":138,"column":6},"end":{"line":138,"column":23}},{"start":{"line":139,"column":7},"end":{"line":139,"column":44}},{"start":{"line":139,"column":48},"end":{"line":139,"column":78}}],"line":138},"41":{"loc":{"start":{"line":145,"column":4},"end":{"line":152,"column":5}},"type":"if","locations":[{"start":{"line":145,"column":4},"end":{"line":152,"column":5}},{"start":{"line":145,"column":4},"end":{"line":152,"column":5}}],"line":145},"42":{"loc":{"start":{"line":146,"column":6},"end":{"line":147,"column":75}},"type":"binary-expr","locations":[{"start":{"line":146,"column":6},"end":{"line":146,"column":21}},{"start":{"line":147,"column":7},"end":{"line":147,"column":42}},{"start":{"line":147,"column":46},"end":{"line":147,"column":74}}],"line":146},"43":{"loc":{"start":{"line":153,"column":4},"end":{"line":160,"column":5}},"type":"if","locations":[{"start":{"line":153,"column":4},"end":{"line":160,"column":5}},{"start":{"line":153,"column":4},"end":{"line":160,"column":5}}],"line":153},"44":{"loc":{"start":{"line":154,"column":6},"end":{"line":155,"column":75}},"type":"binary-expr","locations":[{"start":{"line":154,"column":6},"end":{"line":154,"column":21}},{"start":{"line":155,"column":7},"end":{"line":155,"column":42}},{"start":{"line":155,"column":46},"end":{"line":155,"column":74}}],"line":154}},"s":{"0":1,"1":1,"2":1,"3":1,"4":55,"5":1,"6":54,"7":2,"8":52,"9":2,"10":50,"11":2,"12":48,"13":1,"14":47,"15":2,"16":45,"17":1,"18":44,"19":2,"20":42,"21":1,"22":41,"23":2,"24":39,"25":1,"26":38,"27":2,"28":36,"29":1,"30":35,"31":1,"32":34,"33":2,"34":32,"35":1,"36":31,"37":2,"38":29,"39":1,"40":28,"41":1,"42":27,"43":2,"44":25,"45":1,"46":24,"47":2,"48":22,"49":2,"50":20,"51":2,"52":18,"53":1,"54":17,"55":3,"56":14,"57":3,"58":11,"59":3,"60":8,"61":8,"62":8},"f":{"0":55},"b":{"0":[1,54],"1":[2,52],"2":[54,52],"3":[2,50],"4":[52,51],"5":[2,48],"6":[50,48],"7":[1,47],"8":[2,45],"9":[47,45],"10":[1,44],"11":[2,42],"12":[44,42],"13":[1,41],"14":[2,39],"15":[41,39],"16":[1,38],"17":[2,36],"18":[38,36],"19":[1,35],"20":[1,34],"21":[2,32],"22":[34,32],"23":[1,31],"24":[2,29],"25":[31,29],"26":[1,28],"27":[1,27],"28":[28,27],"29":[2,25],"30":[27,25],"31":[1,24],"32":[2,22],"33":[24,22],"34":[2,20],"35":[22,21],"36":[2,18],"37":[20,18],"38":[1,17],"39":[3,14],"40":[17,15,14],"41":[3,11],"42":[14,12,11],"43":[3,8],"44":[11,9,8]},"_coverageSchema":"1a1c01bbd47fc00a2c39e90264f33305004495a9","hash":"4431c4b17f3c378869647a2bb7c2cd372517e638"}
,"C:\\Users\\astra\\Documents\\SCC-GIT\\CIS259\\BidPro\\api\\pilot\\pilotsPut\\index.js": {"path":"C:\\Users\\astra\\Documents\\SCC-GIT\\CIS259\\BidPro\\api\\pilot\\pilotsPut\\index.js","statementMap":{"0":{"start":{"line":1,"column":23},"end":{"line":1,"column":65}},"1":{"start":{"line":2,"column":20},"end":{"line":2,"column":30}},"2":{"start":{"line":3,"column":16},"end":{"line":3,"column":26}},"3":{"start":{"line":4,"column":0},"end":{"line":195,"column":2}},"4":{"start":{"line":14,"column":4},"end":{"line":16,"column":5}},"5":{"start":{"line":15,"column":6},"end":{"line":15,"column":72}},"6":{"start":{"line":17,"column":4},"end":{"line":21,"column":5}},"7":{"start":{"line":18,"column":6},"end":{"line":20,"column":71}},"8":{"start":{"line":22,"column":4},"end":{"line":26,"column":5}},"9":{"start":{"line":23,"column":6},"end":{"line":25,"column":78}},"10":{"start":{"line":27,"column":4},"end":{"line":31,"column":5}},"11":{"start":{"line":28,"column":6},"end":{"line":30,"column":72}},"12":{"start":{"line":32,"column":4},"end":{"line":36,"column":5}},"13":{"start":{"line":33,"column":6},"end":{"line":35,"column":72}},"14":{"start":{"line":37,"column":4},"end":{"line":41,"column":5}},"15":{"start":{"line":38,"column":6},"end":{"line":40,"column":74}},"16":{"start":{"line":42,"column":4},"end":{"line":46,"column":5}},"17":{"start":{"line":43,"column":6},"end":{"line":45,"column":74}},"18":{"start":{"line":47,"column":4},"end":{"line":51,"column":5}},"19":{"start":{"line":48,"column":6},"end":{"line":50,"column":73}},"20":{"start":{"line":52,"column":4},"end":{"line":56,"column":5}},"21":{"start":{"line":53,"column":6},"end":{"line":55,"column":73}},"22":{"start":{"line":57,"column":4},"end":{"line":61,"column":5}},"23":{"start":{"line":58,"column":6},"end":{"line":60,"column":70}},"24":{"start":{"line":62,"column":4},"end":{"line":66,"column":5}},"25":{"start":{"line":63,"column":6},"end":{"line":65,"column":70}},"26":{"start":{"line":67,"column":4},"end":{"line":71,"column":5}},"27":{"start":{"line":68,"column":6},"end":{"line":70,"column":69}},"28":{"start":{"line":72,"column":4},"end":{"line":76,"column":5}},"29":{"start":{"line":73,"column":6},"end":{"line":75,"column":69}},"30":{"start":{"line":77,"column":4},"end":{"line":81,"column":5}},"31":{"start":{"line":78,"column":6},"end":{"line":80,"column":73}},"32":{"start":{"line":82,"column":4},"end":{"line":86,"column":5}},"33":{"start":{"line":83,"column":6},"end":{"line":85,"column":73}},"34":{"start":{"line":87,"column":4},"end":{"line":91,"column":5}},"35":{"start":{"line":88,"column":6},"end":{"line":90,"column":9}},"36":{"start":{"line":92,"column":4},"end":{"line":96,"column":5}},"37":{"start":{"line":93,"column":6},"end":{"line":95,"column":72}},"38":{"start":{"line":97,"column":4},"end":{"line":101,"column":5}},"39":{"start":{"line":98,"column":6},"end":{"line":100,"column":72}},"40":{"start":{"line":102,"column":4},"end":{"line":106,"column":5}},"41":{"start":{"line":103,"column":6},"end":{"line":105,"column":9}},"42":{"start":{"line":107,"column":4},"end":{"line":111,"column":5}},"43":{"start":{"line":108,"column":6},"end":{"line":110,"column":73}},"44":{"start":{"line":112,"column":4},"end":{"line":116,"column":5}},"45":{"start":{"line":113,"column":6},"end":{"line":115,"column":73}},"46":{"start":{"line":117,"column":4},"end":{"line":121,"column":5}},"47":{"start":{"line":118,"column":6},"end":{"line":120,"column":69}},"48":{"start":{"line":122,"column":4},"end":{"line":126,"column":5}},"49":{"start":{"line":123,"column":6},"end":{"line":125,"column":9}},"50":{"start":{"line":127,"column":4},"end":{"line":131,"column":5}},"51":{"start":{"line":128,"column":6},"end":{"line":130,"column":9}},"52":{"start":{"line":132,"column":4},"end":{"line":136,"column":5}},"53":{"start":{"line":133,"column":6},"end":{"line":135,"column":70}},"54":{"start":{"line":137,"column":4},"end":{"line":141,"column":5}},"55":{"start":{"line":138,"column":6},"end":{"line":140,"column":75}},"56":{"start":{"line":142,"column":4},"end":{"line":146,"column":5}},"57":{"start":{"line":143,"column":6},"end":{"line":145,"column":9}},"58":{"start":{"line":147,"column":4},"end":{"line":154,"column":5}},"59":{"start":{"line":151,"column":6},"end":{"line":153,"column":9}},"60":{"start":{"line":155,"column":4},"end":{"line":162,"column":5}},"61":{"start":{"line":159,"column":6},"end":{"line":161,"column":9}},"62":{"start":{"line":163,"column":4},"end":{"line":170,"column":5}},"63":{"start":{"line":167,"column":6},"end":{"line":169,"column":9}},"64":{"start":{"line":172,"column":19},"end":{"line":191,"column":8}},"65":{"start":{"line":193,"column":4},"end":{"line":193,"column":34}}},"fnMap":{"0":{"name":"(anonymous_0)","decl":{"start":{"line":13,"column":2},"end":{"line":13,"column":3}},"loc":{"start":{"line":13,"column":38},"end":{"line":194,"column":3}},"line":13}},"branchMap":{"0":{"loc":{"start":{"line":14,"column":4},"end":{"line":16,"column":5}},"type":"if","locations":[{"start":{"line":14,"column":4},"end":{"line":16,"column":5}},{"start":{"line":14,"column":4},"end":{"line":16,"column":5}}],"line":14},"1":{"loc":{"start":{"line":17,"column":4},"end":{"line":21,"column":5}},"type":"if","locations":[{"start":{"line":17,"column":4},"end":{"line":21,"column":5}},{"start":{"line":17,"column":4},"end":{"line":21,"column":5}}],"line":17},"2":{"loc":{"start":{"line":17,"column":8},"end":{"line":17,"column":52}},"type":"binary-expr","locations":[{"start":{"line":17,"column":8},"end":{"line":17,"column":24}},{"start":{"line":17,"column":28},"end":{"line":17,"column":52}}],"line":17},"3":{"loc":{"start":{"line":22,"column":4},"end":{"line":26,"column":5}},"type":"if","locations":[{"start":{"line":22,"column":4},"end":{"line":26,"column":5}},{"start":{"line":22,"column":4},"end":{"line":26,"column":5}}],"line":22},"4":{"loc":{"start":{"line":27,"column":4},"end":{"line":31,"column":5}},"type":"if","locations":[{"start":{"line":27,"column":4},"end":{"line":31,"column":5}},{"start":{"line":27,"column":4},"end":{"line":31,"column":5}}],"line":27},"5":{"loc":{"start":{"line":27,"column":8},"end":{"line":27,"column":52}},"type":"binary-expr","locations":[{"start":{"line":27,"column":8},"end":{"line":27,"column":25}},{"start":{"line":27,"column":29},"end":{"line":27,"column":52}}],"line":27},"6":{"loc":{"start":{"line":32,"column":4},"end":{"line":36,"column":5}},"type":"if","locations":[{"start":{"line":32,"column":4},"end":{"line":36,"column":5}},{"start":{"line":32,"column":4},"end":{"line":36,"column":5}}],"line":32},"7":{"loc":{"start":{"line":32,"column":8},"end":{"line":32,"column":73}},"type":"binary-expr","locations":[{"start":{"line":32,"column":8},"end":{"line":32,"column":37}},{"start":{"line":32,"column":41},"end":{"line":32,"column":73}}],"line":32},"8":{"loc":{"start":{"line":37,"column":4},"end":{"line":41,"column":5}},"type":"if","locations":[{"start":{"line":37,"column":4},"end":{"line":41,"column":5}},{"start":{"line":37,"column":4},"end":{"line":41,"column":5}}],"line":37},"9":{"loc":{"start":{"line":37,"column":8},"end":{"line":37,"column":56}},"type":"binary-expr","locations":[{"start":{"line":37,"column":8},"end":{"line":37,"column":27}},{"start":{"line":37,"column":31},"end":{"line":37,"column":56}}],"line":37},"10":{"loc":{"start":{"line":42,"column":4},"end":{"line":46,"column":5}},"type":"if","locations":[{"start":{"line":42,"column":4},"end":{"line":46,"column":5}},{"start":{"line":42,"column":4},"end":{"line":46,"column":5}}],"line":42},"11":{"loc":{"start":{"line":47,"column":4},"end":{"line":51,"column":5}},"type":"if","locations":[{"start":{"line":47,"column":4},"end":{"line":51,"column":5}},{"start":{"line":47,"column":4},"end":{"line":51,"column":5}}],"line":47},"12":{"loc":{"start":{"line":47,"column":8},"end":{"line":47,"column":54}},"type":"binary-expr","locations":[{"start":{"line":47,"column":8},"end":{"line":47,"column":26}},{"start":{"line":47,"column":30},"end":{"line":47,"column":54}}],"line":47},"13":{"loc":{"start":{"line":52,"column":4},"end":{"line":56,"column":5}},"type":"if","locations":[{"start":{"line":52,"column":4},"end":{"line":56,"column":5}},{"start":{"line":52,"column":4},"end":{"line":56,"column":5}}],"line":52},"14":{"loc":{"start":{"line":57,"column":4},"end":{"line":61,"column":5}},"type":"if","locations":[{"start":{"line":57,"column":4},"end":{"line":61,"column":5}},{"start":{"line":57,"column":4},"end":{"line":61,"column":5}}],"line":57},"15":{"loc":{"start":{"line":57,"column":8},"end":{"line":57,"column":48}},"type":"binary-expr","locations":[{"start":{"line":57,"column":8},"end":{"line":57,"column":23}},{"start":{"line":57,"column":27},"end":{"line":57,"column":48}}],"line":57},"16":{"loc":{"start":{"line":62,"column":4},"end":{"line":66,"column":5}},"type":"if","locations":[{"start":{"line":62,"column":4},"end":{"line":66,"column":5}},{"start":{"line":62,"column":4},"end":{"line":66,"column":5}}],"line":62},"17":{"loc":{"start":{"line":67,"column":4},"end":{"line":71,"column":5}},"type":"if","locations":[{"start":{"line":67,"column":4},"end":{"line":71,"column":5}},{"start":{"line":67,"column":4},"end":{"line":71,"column":5}}],"line":67},"18":{"loc":{"start":{"line":67,"column":8},"end":{"line":67,"column":46}},"type":"binary-expr","locations":[{"start":{"line":67,"column":8},"end":{"line":67,"column":22}},{"start":{"line":67,"column":26},"end":{"line":67,"column":46}}],"line":67},"19":{"loc":{"start":{"line":72,"column":4},"end":{"line":76,"column":5}},"type":"if","locations":[{"start":{"line":72,"column":4},"end":{"line":76,"column":5}},{"start":{"line":72,"column":4},"end":{"line":76,"column":5}}],"line":72},"20":{"loc":{"start":{"line":77,"column":4},"end":{"line":81,"column":5}},"type":"if","locations":[{"start":{"line":77,"column":4},"end":{"line":81,"column":5}},{"start":{"line":77,"column":4},"end":{"line":81,"column":5}}],"line":77},"21":{"loc":{"start":{"line":77,"column":8},"end":{"line":77,"column":54}},"type":"binary-expr","locations":[{"start":{"line":77,"column":8},"end":{"line":77,"column":26}},{"start":{"line":77,"column":30},"end":{"line":77,"column":54}}],"line":77},"22":{"loc":{"start":{"line":82,"column":4},"end":{"line":86,"column":5}},"type":"if","locations":[{"start":{"line":82,"column":4},"end":{"line":86,"column":5}},{"start":{"line":82,"column":4},"end":{"line":86,"column":5}}],"line":82},"23":{"loc":{"start":{"line":87,"column":4},"end":{"line":91,"column":5}},"type":"if","locations":[{"start":{"line":87,"column":4},"end":{"line":91,"column":5}},{"start":{"line":87,"column":4},"end":{"line":91,"column":5}}],"line":87},"24":{"loc":{"start":{"line":92,"column":4},"end":{"line":96,"column":5}},"type":"if","locations":[{"start":{"line":92,"column":4},"end":{"line":96,"column":5}},{"start":{"line":92,"column":4},"end":{"line":96,"column":5}}],"line":92},"25":{"loc":{"start":{"line":92,"column":8},"end":{"line":92,"column":52}},"type":"binary-expr","locations":[{"start":{"line":92,"column":8},"end":{"line":92,"column":25}},{"start":{"line":92,"column":29},"end":{"line":92,"column":52}}],"line":92},"26":{"loc":{"start":{"line":97,"column":4},"end":{"line":101,"column":5}},"type":"if","locations":[{"start":{"line":97,"column":4},"end":{"line":101,"column":5}},{"start":{"line":97,"column":4},"end":{"line":101,"column":5}}],"line":97},"27":{"loc":{"start":{"line":102,"column":4},"end":{"line":106,"column":5}},"type":"if","locations":[{"start":{"line":102,"column":4},"end":{"line":106,"column":5}},{"start":{"line":102,"column":4},"end":{"line":106,"column":5}}],"line":102},"28":{"loc":{"start":{"line":102,"column":8},"end":{"line":102,"column":54}},"type":"binary-expr","locations":[{"start":{"line":102,"column":8},"end":{"line":102,"column":26}},{"start":{"line":102,"column":30},"end":{"line":102,"column":54}}],"line":102},"29":{"loc":{"start":{"line":107,"column":4},"end":{"line":111,"column":5}},"type":"if","locations":[{"start":{"line":107,"column":4},"end":{"line":111,"column":5}},{"start":{"line":107,"column":4},"end":{"line":111,"column":5}}],"line":107},"30":{"loc":{"start":{"line":112,"column":4},"end":{"line":116,"column":5}},"type":"if","locations":[{"start":{"line":112,"column":4},"end":{"line":116,"column":5}},{"start":{"line":112,"column":4},"end":{"line":116,"column":5}}],"line":112},"31":{"loc":{"start":{"line":117,"column":4},"end":{"line":121,"column":5}},"type":"if","locations":[{"start":{"line":117,"column":4},"end":{"line":121,"column":5}},{"start":{"line":117,"column":4},"end":{"line":121,"column":5}}],"line":117},"32":{"loc":{"start":{"line":117,"column":8},"end":{"line":117,"column":46}},"type":"binary-expr","locations":[{"start":{"line":117,"column":8},"end":{"line":117,"column":22}},{"start":{"line":117,"column":26},"end":{"line":117,"column":46}}],"line":117},"33":{"loc":{"start":{"line":122,"column":4},"end":{"line":126,"column":5}},"type":"if","locations":[{"start":{"line":122,"column":4},"end":{"line":126,"column":5}},{"start":{"line":122,"column":4},"end":{"line":126,"column":5}}],"line":122},"34":{"loc":{"start":{"line":127,"column":4},"end":{"line":131,"column":5}},"type":"if","locations":[{"start":{"line":127,"column":4},"end":{"line":131,"column":5}},{"start":{"line":127,"column":4},"end":{"line":131,"column":5}}],"line":127},"35":{"loc":{"start":{"line":127,"column":8},"end":{"line":127,"column":48}},"type":"binary-expr","locations":[{"start":{"line":127,"column":8},"end":{"line":127,"column":23}},{"start":{"line":127,"column":27},"end":{"line":127,"column":48}}],"line":127},"36":{"loc":{"start":{"line":132,"column":4},"end":{"line":136,"column":5}},"type":"if","locations":[{"start":{"line":132,"column":4},"end":{"line":136,"column":5}},{"start":{"line":132,"column":4},"end":{"line":136,"column":5}}],"line":132},"37":{"loc":{"start":{"line":132,"column":8},"end":{"line":132,"column":69}},"type":"binary-expr","locations":[{"start":{"line":132,"column":8},"end":{"line":132,"column":35}},{"start":{"line":132,"column":39},"end":{"line":132,"column":69}}],"line":132},"38":{"loc":{"start":{"line":137,"column":4},"end":{"line":141,"column":5}},"type":"if","locations":[{"start":{"line":137,"column":4},"end":{"line":141,"column":5}},{"start":{"line":137,"column":4},"end":{"line":141,"column":5}}],"line":137},"39":{"loc":{"start":{"line":137,"column":8},"end":{"line":137,"column":58}},"type":"binary-expr","locations":[{"start":{"line":137,"column":8},"end":{"line":137,"column":28}},{"start":{"line":137,"column":32},"end":{"line":137,"column":58}}],"line":137},"40":{"loc":{"start":{"line":142,"column":4},"end":{"line":146,"column":5}},"type":"if","locations":[{"start":{"line":142,"column":4},"end":{"line":146,"column":5}},{"start":{"line":142,"column":4},"end":{"line":146,"column":5}}],"line":142},"41":{"loc":{"start":{"line":147,"column":4},"end":{"line":154,"column":5}},"type":"if","locations":[{"start":{"line":147,"column":4},"end":{"line":154,"column":5}},{"start":{"line":147,"column":4},"end":{"line":154,"column":5}}],"line":147},"42":{"loc":{"start":{"line":148,"column":6},"end":{"line":149,"column":79}},"type":"binary-expr","locations":[{"start":{"line":148,"column":6},"end":{"line":148,"column":23}},{"start":{"line":149,"column":7},"end":{"line":149,"column":44}},{"start":{"line":149,"column":48},"end":{"line":149,"column":78}}],"line":148},"43":{"loc":{"start":{"line":155,"column":4},"end":{"line":162,"column":5}},"type":"if","locations":[{"start":{"line":155,"column":4},"end":{"line":162,"column":5}},{"start":{"line":155,"column":4},"end":{"line":162,"column":5}}],"line":155},"44":{"loc":{"start":{"line":156,"column":6},"end":{"line":157,"column":75}},"type":"binary-expr","locations":[{"start":{"line":156,"column":6},"end":{"line":156,"column":21}},{"start":{"line":157,"column":7},"end":{"line":157,"column":42}},{"start":{"line":157,"column":46},"end":{"line":157,"column":74}}],"line":156},"45":{"loc":{"start":{"line":163,"column":4},"end":{"line":170,"column":5}},"type":"if","locations":[{"start":{"line":163,"column":4},"end":{"line":170,"column":5}},{"start":{"line":163,"column":4},"end":{"line":170,"column":5}}],"line":163},"46":{"loc":{"start":{"line":164,"column":6},"end":{"line":165,"column":75}},"type":"binary-expr","locations":[{"start":{"line":164,"column":6},"end":{"line":164,"column":21}},{"start":{"line":165,"column":7},"end":{"line":165,"column":42}},{"start":{"line":165,"column":46},"end":{"line":165,"column":74}}],"line":164}},"s":{"0":1,"1":1,"2":1,"3":1,"4":59,"5":1,"6":58,"7":2,"8":56,"9":2,"10":54,"11":2,"12":52,"13":2,"14":50,"15":2,"16":48,"17":1,"18":47,"19":2,"20":45,"21":1,"22":44,"23":2,"24":42,"25":1,"26":41,"27":2,"28":39,"29":1,"30":38,"31":2,"32":36,"33":1,"34":35,"35":1,"36":34,"37":2,"38":32,"39":1,"40":31,"41":2,"42":29,"43":1,"44":28,"45":1,"46":27,"47":2,"48":25,"49":1,"50":24,"51":2,"52":22,"53":2,"54":20,"55":2,"56":18,"57":1,"58":17,"59":3,"60":14,"61":3,"62":11,"63":3,"64":8,"65":8},"f":{"0":59},"b":{"0":[1,58],"1":[2,56],"2":[58,56],"3":[2,54],"4":[2,52],"5":[54,52],"6":[2,50],"7":[52,51],"8":[2,48],"9":[50,48],"10":[1,47],"11":[2,45],"12":[47,45],"13":[1,44],"14":[2,42],"15":[44,42],"16":[1,41],"17":[2,39],"18":[41,39],"19":[1,38],"20":[2,36],"21":[38,36],"22":[1,35],"23":[1,34],"24":[2,32],"25":[34,32],"26":[1,31],"27":[2,29],"28":[31,29],"29":[1,28],"30":[1,27],"31":[2,25],"32":[27,25],"33":[1,24],"34":[2,22],"35":[24,22],"36":[2,20],"37":[22,21],"38":[2,18],"39":[20,18],"40":[1,17],"41":[3,14],"42":[17,15,14],"43":[3,11],"44":[14,12,11],"45":[3,8],"46":[11,9,8]},"_coverageSchema":"1a1c01bbd47fc00a2c39e90264f33305004495a9","hash":"2dd813bfbed2888dcdacc4e1a989e0ea7dc6c592"}
,"C:\\Users\\astra\\Documents\\SCC-GIT\\CIS259\\BidPro\\api\\task\\taskPut\\index.js": {"path":"C:\\Users\\astra\\Documents\\SCC-GIT\\CIS259\\BidPro\\api\\task\\taskPut\\index.js","statementMap":{"0":{"start":{"line":1,"column":23},"end":{"line":1,"column":65}},"1":{"start":{"line":3,"column":0},"end":{"line":39,"column":2}},"2":{"start":{"line":13,"column":4},"end":{"line":15,"column":5}},"3":{"start":{"line":14,"column":6},"end":{"line":14,"column":69}},"4":{"start":{"line":16,"column":4},"end":{"line":20,"column":5}},"5":{"start":{"line":17,"column":6},"end":{"line":19,"column":65}},"6":{"start":{"line":21,"column":4},"end":{"line":25,"column":5}},"7":{"start":{"line":22,"column":6},"end":{"line":24,"column":68}},"8":{"start":{"line":26,"column":4},"end":{"line":30,"column":5}},"9":{"start":{"line":27,"column":6},"end":{"line":29,"column":68}},"10":{"start":{"line":32,"column":4},"end":{"line":35,"column":7}},"11":{"start":{"line":37,"column":4},"end":{"line":37,"column":34}}},"fnMap":{"0":{"name":"(anonymous_0)","decl":{"start":{"line":12,"column":2},"end":{"line":12,"column":3}},"loc":{"start":{"line":12,"column":38},"end":{"line":38,"column":3}},"line":12}},"branchMap":{"0":{"loc":{"start":{"line":13,"column":4},"end":{"line":15,"column":5}},"type":"if","locations":[{"start":{"line":13,"column":4},"end":{"line":15,"column":5}},{"start":{"line":13,"column":4},"end":{"line":15,"column":5}}],"line":13},"1":{"loc":{"start":{"line":16,"column":4},"end":{"line":20,"column":5}},"type":"if","locations":[{"start":{"line":16,"column":4},"end":{"line":20,"column":5}},{"start":{"line":16,"column":4},"end":{"line":20,"column":5}}],"line":16},"2":{"loc":{"start":{"line":21,"column":4},"end":{"line":25,"column":5}},"type":"if","locations":[{"start":{"line":21,"column":4},"end":{"line":25,"column":5}},{"start":{"line":21,"column":4},"end":{"line":25,"column":5}}],"line":21},"3":{"loc":{"start":{"line":26,"column":4},"end":{"line":30,"column":5}},"type":"if","locations":[{"start":{"line":26,"column":4},"end":{"line":30,"column":5}},{"start":{"line":26,"column":4},"end":{"line":30,"column":5}}],"line":26}},"s":{"0":1,"1":1,"2":6,"3":1,"4":5,"5":1,"6":4,"7":1,"8":3,"9":1,"10":2,"11":2},"f":{"0":6},"b":{"0":[1,5],"1":[1,4],"2":[1,3],"3":[1,2]},"_coverageSchema":"1a1c01bbd47fc00a2c39e90264f33305004495a9","hash":"4bc946659d525824e4c623d1306147611ba86abd"}
,"C:\\Users\\astra\\Documents\\SCC-GIT\\CIS259\\BidPro\\api\\task\\tasksGet\\index.js": {"path":"C:\\Users\\astra\\Documents\\SCC-GIT\\CIS259\\BidPro\\api\\task\\tasksGet\\index.js","statementMap":{"0":{"start":{"line":1,"column":23},"end":{"line":1,"column":65}},"1":{"start":{"line":3,"column":0},"end":{"line":17,"column":2}},"2":{"start":{"line":13,"column":18},"end":{"line":13,"column":41}},"3":{"start":{"line":15,"column":4},"end":{"line":15,"column":39}}},"fnMap":{"0":{"name":"(anonymous_0)","decl":{"start":{"line":12,"column":2},"end":{"line":12,"column":3}},"loc":{"start":{"line":12,"column":38},"end":{"line":16,"column":3}},"line":12}},"branchMap":{},"s":{"0":1,"1":1,"2":1,"3":1},"f":{"0":1},"b":{},"_coverageSchema":"1a1c01bbd47fc00a2c39e90264f33305004495a9","hash":"96b63f5f7ad7d96632ccb9b90a7d52ba1ce834a6"}
}
