TN:
SF:api\example\classesGet\index.js
FN:12,(anonymous_0)
FNF:1
FNH:1
FNDA:1,(anonymous_0)
DA:1,1
DA:3,1
DA:13,1
DA:15,1
LF:4
LH:4
BRF:0
BRH:0
end_of_record
TN:
SF:api\example\notesGet\index.js
FN:12,(anonymous_0)
FNF:1
FNH:1
FNDA:4,(anonymous_0)
DA:1,1
DA:3,1
DA:13,4
DA:14,1
DA:17,3
DA:18,1
DA:20,2
DA:21,2
DA:22,1
DA:25,1
DA:27,1
LF:11
LH:11
BRDA:13,0,0,1
BRDA:13,0,1,3
BRDA:17,1,0,1
BRDA:17,1,1,2
BRDA:21,2,0,1
BRDA:21,2,1,1
BRF:6
BRH:6
end_of_record
TN:
SF:api\example\userAddPost\index.js
FN:12,(anonymous_0)
FNF:1
FNH:1
FNDA:2,(anonymous_0)
DA:1,1
DA:3,1
DA:13,2
DA:14,1
DA:17,1
DA:19,1
LF:6
LH:6
BRDA:13,0,0,1
BRDA:13,0,1,1
BRDA:13,1,0,2
BRDA:13,1,1,1
BRF:4
BRH:4
end_of_record
TN:
SF:api\example\userDelete\index.js
FN:12,(anonymous_0)
FNF:1
FNH:1
FNDA:3,(anonymous_0)
DA:1,1
DA:3,1
DA:13,3
DA:14,1
DA:16,2
DA:17,1
DA:21,1
DA:23,1
LF:8
LH:8
BRDA:13,0,0,1
BRDA:13,0,1,2
BRDA:16,1,0,1
BRDA:16,1,1,1
BRF:4
BRH:4
end_of_record
TN:
SF:api\example\userPut\index.js
FN:12,(anonymous_0)
FNF:1
FNH:1
FNDA:4,(anonymous_0)
DA:1,1
DA:3,1
DA:13,4
DA:14,1
DA:16,3
DA:17,1
DA:21,2
DA:22,1
DA:27,1
DA:29,1
LF:10
LH:10
BRDA:13,0,0,1
BRDA:13,0,1,3
BRDA:16,1,0,1
BRDA:16,1,1,2
BRDA:21,2,0,1
BRDA:21,2,1,1
BRF:6
BRH:6
end_of_record
TN:
SF:api\example\usersGet\index.js
FN:12,(anonymous_0)
FNF:1
FNH:1
FNDA:1,(anonymous_0)
DA:1,1
DA:3,1
DA:13,1
DA:15,1
LF:4
LH:4
BRF:0
BRH:0
end_of_record
TN:
SF:api\pilot\pilotsDelete\index.js
FN:12,(anonymous_0)
FNF:1
FNH:1
FNDA:3,(anonymous_0)
DA:1,1
DA:2,1
DA:3,1
DA:14,3
DA:15,1
DA:18,2
DA:21,2
DA:22,1
DA:25,1
LF:9
LH:9
BRDA:14,0,0,1
BRDA:14,0,1,2
BRDA:21,1,0,1
BRDA:21,1,1,1
BRF:4
BRH:4
end_of_record
TN:
SF:api\pilot\pilotsGet\index.js
FN:12,(anonymous_0)
FNF:1
FNH:1
FNDA:1,(anonymous_0)
DA:1,1
DA:3,1
DA:13,1
DA:15,1
LF:4
LH:4
BRF:0
BRH:0
end_of_record
TN:
SF:api\pilot\pilotsPost\index.js
FN:13,(anonymous_0)
FNF:1
FNH:1
FNDA:55,(anonymous_0)
DA:1,1
DA:2,1
DA:3,1
DA:4,1
DA:14,55
DA:15,1
DA:17,54
DA:18,2
DA:22,52
DA:23,2
DA:27,50
DA:28,2
DA:32,48
DA:33,1
DA:37,47
DA:38,2
DA:42,45
DA:43,1
DA:47,44
DA:48,2
DA:52,42
DA:53,1
DA:57,41
DA:58,2
DA:62,39
DA:63,1
DA:67,38
DA:68,2
DA:72,36
DA:73,1
DA:77,35
DA:78,1
DA:82,34
DA:83,2
DA:87,32
DA:88,1
DA:92,31
DA:93,2
DA:97,29
DA:98,1
DA:102,28
DA:103,1
DA:107,27
DA:108,2
DA:112,25
DA:113,1
DA:117,24
DA:118,2
DA:122,22
DA:123,2
DA:127,20
DA:128,2
DA:132,18
DA:133,1
DA:137,17
DA:141,3
DA:145,14
DA:149,3
DA:153,11
DA:157,3
DA:162,8
DA:181,8
DA:185,8
LF:63
LH:63
BRDA:14,0,0,1
BRDA:14,0,1,54
BRDA:17,1,0,2
BRDA:17,1,1,52
BRDA:17,2,0,54
BRDA:17,2,1,52
BRDA:22,3,0,2
BRDA:22,3,1,50
BRDA:22,4,0,52
BRDA:22,4,1,51
BRDA:27,5,0,2
BRDA:27,5,1,48
BRDA:27,6,0,50
BRDA:27,6,1,48
BRDA:32,7,0,1
BRDA:32,7,1,47
BRDA:37,8,0,2
BRDA:37,8,1,45
BRDA:37,9,0,47
BRDA:37,9,1,45
BRDA:42,10,0,1
BRDA:42,10,1,44
BRDA:47,11,0,2
BRDA:47,11,1,42
BRDA:47,12,0,44
BRDA:47,12,1,42
BRDA:52,13,0,1
BRDA:52,13,1,41
BRDA:57,14,0,2
BRDA:57,14,1,39
BRDA:57,15,0,41
BRDA:57,15,1,39
BRDA:62,16,0,1
BRDA:62,16,1,38
BRDA:67,17,0,2
BRDA:67,17,1,36
BRDA:67,18,0,38
BRDA:67,18,1,36
BRDA:72,19,0,1
BRDA:72,19,1,35
BRDA:77,20,0,1
BRDA:77,20,1,34
BRDA:82,21,0,2
BRDA:82,21,1,32
BRDA:82,22,0,34
BRDA:82,22,1,32
BRDA:87,23,0,1
BRDA:87,23,1,31
BRDA:92,24,0,2
BRDA:92,24,1,29
BRDA:92,25,0,31
BRDA:92,25,1,29
BRDA:97,26,0,1
BRDA:97,26,1,28
BRDA:102,27,0,1
BRDA:102,27,1,27
BRDA:102,28,0,28
BRDA:102,28,1,27
BRDA:107,29,0,2
BRDA:107,29,1,25
BRDA:107,30,0,27
BRDA:107,30,1,25
BRDA:112,31,0,1
BRDA:112,31,1,24
BRDA:117,32,0,2
BRDA:117,32,1,22
BRDA:117,33,0,24
BRDA:117,33,1,22
BRDA:122,34,0,2
BRDA:122,34,1,20
BRDA:122,35,0,22
BRDA:122,35,1,21
BRDA:127,36,0,2
BRDA:127,36,1,18
BRDA:127,37,0,20
BRDA:127,37,1,18
BRDA:132,38,0,1
BRDA:132,38,1,17
BRDA:137,39,0,3
BRDA:137,39,1,14
BRDA:138,40,0,17
BRDA:138,40,1,15
BRDA:138,40,2,14
BRDA:145,41,0,3
BRDA:145,41,1,11
BRDA:146,42,0,14
BRDA:146,42,1,12
BRDA:146,42,2,11
BRDA:153,43,0,3
BRDA:153,43,1,8
BRDA:154,44,0,11
BRDA:154,44,1,9
BRDA:154,44,2,8
BRF:93
BRH:93
end_of_record
TN:
SF:api\pilot\pilotsPut\index.js
FN:13,(anonymous_0)
FNF:1
FNH:1
FNDA:59,(anonymous_0)
DA:1,1
DA:2,1
DA:3,1
DA:4,1
DA:14,59
DA:15,1
DA:17,58
DA:18,2
DA:22,56
DA:23,2
DA:27,54
DA:28,2
DA:32,52
DA:33,2
DA:37,50
DA:38,2
DA:42,48
DA:43,1
DA:47,47
DA:48,2
DA:52,45
DA:53,1
DA:57,44
DA:58,2
DA:62,42
DA:63,1
DA:67,41
DA:68,2
DA:72,39
DA:73,1
DA:77,38
DA:78,2
DA:82,36
DA:83,1
DA:87,35
DA:88,1
DA:92,34
DA:93,2
DA:97,32
DA:98,1
DA:102,31
DA:103,2
DA:107,29
DA:108,1
DA:112,28
DA:113,1
DA:117,27
DA:118,2
DA:122,25
DA:123,1
DA:127,24
DA:128,2
DA:132,22
DA:133,2
DA:137,20
DA:138,2
DA:142,18
DA:143,1
DA:147,17
DA:151,3
DA:155,14
DA:159,3
DA:163,11
DA:167,3
DA:172,8
DA:193,8
LF:66
LH:66
BRDA:14,0,0,1
BRDA:14,0,1,58
BRDA:17,1,0,2
BRDA:17,1,1,56
BRDA:17,2,0,58
BRDA:17,2,1,56
BRDA:22,3,0,2
BRDA:22,3,1,54
BRDA:27,4,0,2
BRDA:27,4,1,52
BRDA:27,5,0,54
BRDA:27,5,1,52
BRDA:32,6,0,2
BRDA:32,6,1,50
BRDA:32,7,0,52
BRDA:32,7,1,51
BRDA:37,8,0,2
BRDA:37,8,1,48
BRDA:37,9,0,50
BRDA:37,9,1,48
BRDA:42,10,0,1
BRDA:42,10,1,47
BRDA:47,11,0,2
BRDA:47,11,1,45
BRDA:47,12,0,47
BRDA:47,12,1,45
BRDA:52,13,0,1
BRDA:52,13,1,44
BRDA:57,14,0,2
BRDA:57,14,1,42
BRDA:57,15,0,44
BRDA:57,15,1,42
BRDA:62,16,0,1
BRDA:62,16,1,41
BRDA:67,17,0,2
BRDA:67,17,1,39
BRDA:67,18,0,41
BRDA:67,18,1,39
BRDA:72,19,0,1
BRDA:72,19,1,38
BRDA:77,20,0,2
BRDA:77,20,1,36
BRDA:77,21,0,38
BRDA:77,21,1,36
BRDA:82,22,0,1
BRDA:82,22,1,35
BRDA:87,23,0,1
BRDA:87,23,1,34
BRDA:92,24,0,2
BRDA:92,24,1,32
BRDA:92,25,0,34
BRDA:92,25,1,32
BRDA:97,26,0,1
BRDA:97,26,1,31
BRDA:102,27,0,2
BRDA:102,27,1,29
BRDA:102,28,0,31
BRDA:102,28,1,29
BRDA:107,29,0,1
BRDA:107,29,1,28
BRDA:112,30,0,1
BRDA:112,30,1,27
BRDA:117,31,0,2
BRDA:117,31,1,25
BRDA:117,32,0,27
BRDA:117,32,1,25
BRDA:122,33,0,1
BRDA:122,33,1,24
BRDA:127,34,0,2
BRDA:127,34,1,22
BRDA:127,35,0,24
BRDA:127,35,1,22
BRDA:132,36,0,2
BRDA:132,36,1,20
BRDA:132,37,0,22
BRDA:132,37,1,21
BRDA:137,38,0,2
BRDA:137,38,1,18
BRDA:137,39,0,20
BRDA:137,39,1,18
BRDA:142,40,0,1
BRDA:142,40,1,17
BRDA:147,41,0,3
BRDA:147,41,1,14
BRDA:148,42,0,17
BRDA:148,42,1,15
BRDA:148,42,2,14
BRDA:155,43,0,3
BRDA:155,43,1,11
BRDA:156,44,0,14
BRDA:156,44,1,12
BRDA:156,44,2,11
BRDA:163,45,0,3
BRDA:163,45,1,8
BRDA:164,46,0,11
BRDA:164,46,1,9
BRDA:164,46,2,8
BRF:97
BRH:97
end_of_record
TN:
SF:api\task\taskPut\index.js
FN:12,(anonymous_0)
FNF:1
FNH:1
FNDA:6,(anonymous_0)
DA:1,1
DA:3,1
DA:13,6
DA:14,1
DA:16,5
DA:17,1
DA:21,4
DA:22,1
DA:26,3
DA:27,1
DA:32,2
DA:37,2
LF:12
LH:12
BRDA:13,0,0,1
BRDA:13,0,1,5
BRDA:16,1,0,1
BRDA:16,1,1,4
BRDA:21,2,0,1
BRDA:21,2,1,3
BRDA:26,3,0,1
BRDA:26,3,1,2
BRF:8
BRH:8
end_of_record
TN:
SF:api\task\tasksGet\index.js
FN:12,(anonymous_0)
FNF:1
FNH:1
FNDA:1,(anonymous_0)
DA:1,1
DA:3,1
DA:13,1
DA:15,1
LF:4
LH:4
BRF:0
BRH:0
end_of_record
